mode: set
github.com/rmccullagh/weather-api/docs/docs.go:116.13,118.2 1 0
github.com/rmccullagh/weather-api/main.go:27.58,36.16 6 0
github.com/rmccullagh/weather-api/main.go:36.16,40.3 3 0
github.com/rmccullagh/weather-api/main.go:42.2,42.33 1 0
github.com/rmccullagh/weather-api/main.go:51.13,55.41 3 0
github.com/rmccullagh/weather-api/main.go:55.41,57.3 1 0
github.com/rmccullagh/weather-api/main.go:59.2,65.61 3 0
github.com/rmccullagh/weather-api/main.go:65.61,67.3 1 0
github.com/rmccullagh/weather-api/docs/docs.go:116.13,118.2 1 0
github.com/rmccullagh/weather-api/models/forecast.go:18.61,19.16 1 1
github.com/rmccullagh/weather-api/models/forecast.go:19.16,21.3 1 1
github.com/rmccullagh/weather-api/models/forecast.go:23.2,23.30 1 0
github.com/rmccullagh/weather-api/models/forecast.go:23.30,25.3 1 0
github.com/rmccullagh/weather-api/models/forecast.go:27.2,27.16 1 0
github.com/rmccullagh/weather-api/models/forecast.go:27.16,29.3 1 0
github.com/rmccullagh/weather-api/models/forecast.go:31.2,31.16 1 0
github.com/rmccullagh/weather-api/models/forecast.go:34.68,40.2 1 1
github.com/rmccullagh/weather-api/services/nws.go:27.52,30.16 2 1
github.com/rmccullagh/weather-api/services/nws.go:30.16,32.3 1 1
github.com/rmccullagh/weather-api/services/nws.go:34.2,36.16 2 1
github.com/rmccullagh/weather-api/services/nws.go:36.16,38.3 1 0
github.com/rmccullagh/weather-api/services/nws.go:40.2,40.28 1 1
github.com/rmccullagh/weather-api/services/nws.go:40.28,46.17 3 1
github.com/rmccullagh/weather-api/services/nws.go:46.17,48.4 1 1
github.com/rmccullagh/weather-api/services/nws.go:48.9,50.4 1 1
github.com/rmccullagh/weather-api/services/nws.go:53.2,57.16 3 1
github.com/rmccullagh/weather-api/services/nws.go:57.16,59.3 1 0
github.com/rmccullagh/weather-api/services/nws.go:61.2,61.20 1 1
github.com/rmccullagh/weather-api/services/nws.go:65.84,68.16 2 1
github.com/rmccullagh/weather-api/services/nws.go:68.16,70.3 1 1
github.com/rmccullagh/weather-api/services/nws.go:72.2,74.16 2 1
github.com/rmccullagh/weather-api/services/nws.go:74.16,76.3 1 1
github.com/rmccullagh/weather-api/services/nws.go:80.2,80.54 1 1
github.com/rmccullagh/weather-api/services/weather_api_client.go:9.32,11.2 1 1
github.com/rmccullagh/weather-api/utils/json.go:8.59,12.2 3 0
github.com/rmccullagh/weather-api/main.go:27.58,36.16 6 0
github.com/rmccullagh/weather-api/main.go:36.16,40.3 3 0
github.com/rmccullagh/weather-api/main.go:42.2,42.33 1 0
github.com/rmccullagh/weather-api/main.go:51.13,55.41 3 0
github.com/rmccullagh/weather-api/main.go:55.41,57.3 1 0
github.com/rmccullagh/weather-api/main.go:59.2,65.61 3 0
github.com/rmccullagh/weather-api/main.go:65.61,67.3 1 0
github.com/rmccullagh/weather-api/docs/docs.go:116.13,118.2 1 0
github.com/rmccullagh/weather-api/models/forecast.go:18.61,19.16 1 1
github.com/rmccullagh/weather-api/models/forecast.go:19.16,21.3 1 1
github.com/rmccullagh/weather-api/models/forecast.go:23.2,23.30 1 1
github.com/rmccullagh/weather-api/models/forecast.go:23.30,25.3 1 1
github.com/rmccullagh/weather-api/models/forecast.go:27.2,27.16 1 1
github.com/rmccullagh/weather-api/models/forecast.go:27.16,29.3 1 1
github.com/rmccullagh/weather-api/models/forecast.go:31.2,31.16 1 1
github.com/rmccullagh/weather-api/models/forecast.go:34.68,40.2 1 1
github.com/rmccullagh/weather-api/services/nws.go:27.52,30.16 2 0
github.com/rmccullagh/weather-api/services/nws.go:30.16,32.3 1 0
github.com/rmccullagh/weather-api/services/nws.go:34.2,36.16 2 0
github.com/rmccullagh/weather-api/services/nws.go:36.16,38.3 1 0
github.com/rmccullagh/weather-api/services/nws.go:40.2,40.28 1 0
github.com/rmccullagh/weather-api/services/nws.go:40.28,46.17 3 0
github.com/rmccullagh/weather-api/services/nws.go:46.17,48.4 1 0
github.com/rmccullagh/weather-api/services/nws.go:48.9,50.4 1 0
github.com/rmccullagh/weather-api/services/nws.go:53.2,57.16 3 0
github.com/rmccullagh/weather-api/services/nws.go:57.16,59.3 1 0
github.com/rmccullagh/weather-api/services/nws.go:61.2,61.20 1 0
github.com/rmccullagh/weather-api/services/nws.go:65.84,68.16 2 0
github.com/rmccullagh/weather-api/services/nws.go:68.16,70.3 1 0
github.com/rmccullagh/weather-api/services/nws.go:72.2,74.16 2 0
github.com/rmccullagh/weather-api/services/nws.go:74.16,76.3 1 0
github.com/rmccullagh/weather-api/services/nws.go:80.2,80.54 1 0
github.com/rmccullagh/weather-api/services/weather_api_client.go:9.32,11.2 1 0
github.com/rmccullagh/weather-api/utils/json.go:8.59,12.2 3 0
github.com/rmccullagh/weather-api/main.go:27.58,36.16 6 1
github.com/rmccullagh/weather-api/main.go:36.16,40.3 3 0
github.com/rmccullagh/weather-api/main.go:42.2,42.33 1 1
github.com/rmccullagh/weather-api/main.go:51.13,55.41 3 0
github.com/rmccullagh/weather-api/main.go:55.41,57.3 1 0
github.com/rmccullagh/weather-api/main.go:59.2,65.61 3 0
github.com/rmccullagh/weather-api/main.go:65.61,67.3 1 0
github.com/rmccullagh/weather-api/docs/docs.go:116.13,118.2 1 1
github.com/rmccullagh/weather-api/models/forecast.go:18.61,19.16 1 1
github.com/rmccullagh/weather-api/models/forecast.go:19.16,21.3 1 1
github.com/rmccullagh/weather-api/models/forecast.go:23.2,23.30 1 0
github.com/rmccullagh/weather-api/models/forecast.go:23.30,25.3 1 0
github.com/rmccullagh/weather-api/models/forecast.go:27.2,27.16 1 0
github.com/rmccullagh/weather-api/models/forecast.go:27.16,29.3 1 0
github.com/rmccullagh/weather-api/models/forecast.go:31.2,31.16 1 0
github.com/rmccullagh/weather-api/models/forecast.go:34.68,40.2 1 1
github.com/rmccullagh/weather-api/services/nws.go:27.52,30.16 2 1
github.com/rmccullagh/weather-api/services/nws.go:30.16,32.3 1 0
github.com/rmccullagh/weather-api/services/nws.go:34.2,36.16 2 1
github.com/rmccullagh/weather-api/services/nws.go:36.16,38.3 1 0
github.com/rmccullagh/weather-api/services/nws.go:40.2,40.28 1 1
github.com/rmccullagh/weather-api/services/nws.go:40.28,46.17 3 0
github.com/rmccullagh/weather-api/services/nws.go:46.17,48.4 1 0
github.com/rmccullagh/weather-api/services/nws.go:48.9,50.4 1 0
github.com/rmccullagh/weather-api/services/nws.go:53.2,57.16 3 1
github.com/rmccullagh/weather-api/services/nws.go:57.16,59.3 1 0
github.com/rmccullagh/weather-api/services/nws.go:61.2,61.20 1 1
github.com/rmccullagh/weather-api/services/nws.go:65.84,68.16 2 1
github.com/rmccullagh/weather-api/services/nws.go:68.16,70.3 1 0
github.com/rmccullagh/weather-api/services/nws.go:72.2,74.16 2 1
github.com/rmccullagh/weather-api/services/nws.go:74.16,76.3 1 0
github.com/rmccullagh/weather-api/services/nws.go:80.2,80.54 1 1
github.com/rmccullagh/weather-api/services/weather_api_client.go:9.32,11.2 1 1
github.com/rmccullagh/weather-api/utils/json.go:8.59,12.2 3 1
github.com/rmccullagh/weather-api/main.go:27.58,36.16 6 0
github.com/rmccullagh/weather-api/main.go:36.16,40.3 3 0
github.com/rmccullagh/weather-api/main.go:42.2,42.33 1 0
github.com/rmccullagh/weather-api/main.go:51.13,55.41 3 0
github.com/rmccullagh/weather-api/main.go:55.41,57.3 1 0
github.com/rmccullagh/weather-api/main.go:59.2,65.61 3 0
github.com/rmccullagh/weather-api/main.go:65.61,67.3 1 0
github.com/rmccullagh/weather-api/docs/docs.go:116.13,118.2 1 0
github.com/rmccullagh/weather-api/models/forecast.go:18.61,19.16 1 0
github.com/rmccullagh/weather-api/models/forecast.go:19.16,21.3 1 0
github.com/rmccullagh/weather-api/models/forecast.go:23.2,23.30 1 0
github.com/rmccullagh/weather-api/models/forecast.go:23.30,25.3 1 0
github.com/rmccullagh/weather-api/models/forecast.go:27.2,27.16 1 0
github.com/rmccullagh/weather-api/models/forecast.go:27.16,29.3 1 0
github.com/rmccullagh/weather-api/models/forecast.go:31.2,31.16 1 0
github.com/rmccullagh/weather-api/models/forecast.go:34.68,40.2 1 0
github.com/rmccullagh/weather-api/services/nws.go:27.52,30.16 2 0
github.com/rmccullagh/weather-api/services/nws.go:30.16,32.3 1 0
github.com/rmccullagh/weather-api/services/nws.go:34.2,36.16 2 0
github.com/rmccullagh/weather-api/services/nws.go:36.16,38.3 1 0
github.com/rmccullagh/weather-api/services/nws.go:40.2,40.28 1 0
github.com/rmccullagh/weather-api/services/nws.go:40.28,46.17 3 0
github.com/rmccullagh/weather-api/services/nws.go:46.17,48.4 1 0
github.com/rmccullagh/weather-api/services/nws.go:48.9,50.4 1 0
github.com/rmccullagh/weather-api/services/nws.go:53.2,57.16 3 0
github.com/rmccullagh/weather-api/services/nws.go:57.16,59.3 1 0
github.com/rmccullagh/weather-api/services/nws.go:61.2,61.20 1 0
github.com/rmccullagh/weather-api/services/nws.go:65.84,68.16 2 0
github.com/rmccullagh/weather-api/services/nws.go:68.16,70.3 1 0
github.com/rmccullagh/weather-api/services/nws.go:72.2,74.16 2 0
github.com/rmccullagh/weather-api/services/nws.go:74.16,76.3 1 0
github.com/rmccullagh/weather-api/services/nws.go:80.2,80.54 1 0
github.com/rmccullagh/weather-api/services/weather_api_client.go:9.32,11.2 1 0
github.com/rmccullagh/weather-api/utils/json.go:8.59,12.2 3 1
